2018-11-14 13:18:08.9617|INFO|*|10|IP: ::1 | Time span: 1537|
2018-11-14 13:18:09.9851|INFO|*|10|IP: ::1 | Time span: 1550|
2018-11-14 13:18:10.0100|INFO|*|10|IP: ::1 | Time span: 1562|
2018-11-14 13:18:10.0100|INFO|*|10|IP: ::1 | Time span: 1563|
2018-11-14 13:18:10.0100|INFO|*|10|IP: ::1 | Time span: 1565|
2018-11-14 13:18:10.0100|INFO|*|10|IP: ::1 | Time span: 1566|
2018-11-14 13:18:10.0240|INFO|*|10|IP: ::1 | Time span: 1567|
2018-11-14 13:18:10.0240|INFO|*|10|IP: ::1 | Time span: 1569|
2018-11-14 13:18:10.0240|INFO|*|10|IP: ::1 | Time span: 1570|
2018-11-14 13:18:10.0240|INFO|*|10|IP: ::1 | Time span: 1571|
2018-11-14 13:18:10.0240|INFO|*|10|IP: ::1 | Time span: 1572|
2018-11-14 13:18:10.4718|INFO|*|10|IP: ::1 | Time span: 1592|
2018-11-14 13:18:44.2413|INFO|*|10|IP: ::1 | Time span: 1592|
2018-11-14 13:18:44.5642|INFO|*|10|IP: ::1 | Time span: 1592|
2018-11-14 13:19:26.0015|INFO|*|11|User sing in|
2018-11-14 13:19:26.0385|INFO|*|11|IP: ::1 | Time span: 1728|
2018-11-14 13:19:26.0605|INFO|*|13|UserPage|
2018-11-14 13:19:26.1744|INFO|*|13|IP: ::1 | Time span: 1842|
2018-11-14 13:19:26.5532|INFO|*|13|IP: ::1 | Time span: 1853|
2018-11-14 13:24:55.7834|INFO|IP: ::1 | Time span: 1008|
2018-11-14 13:24:56.8674|INFO|IP: ::1 | Time span: 1020|
2018-11-14 13:24:56.8824|INFO|IP: ::1 | Time span: 1022|
2018-11-14 13:24:56.8824|INFO|IP: ::1 | Time span: 1023|
2018-11-14 13:24:56.8824|INFO|IP: ::1 | Time span: 1024|
2018-11-14 13:24:56.8904|INFO|IP: ::1 | Time span: 1025|
2018-11-14 13:24:56.8904|INFO|IP: ::1 | Time span: 1026|
2018-11-14 13:24:56.8904|INFO|IP: ::1 | Time span: 1028|
2018-11-14 13:24:56.8904|INFO|IP: ::1 | Time span: 1029|
2018-11-14 13:24:56.8904|INFO|IP: ::1 | Time span: 1030|
2018-11-14 13:24:56.9054|INFO|IP: ::1 | Time span: 1031|
2018-11-14 13:24:57.3041|INFO|IP: ::1 | Time span: 1051|
2018-11-14 13:25:08.1146|INFO|IP: ::1 | Time span: 1052|
2018-11-14 13:25:08.1535|INFO|IP: ::1 | Time span: 1081|
2018-11-14 13:25:08.1575|INFO|IP: ::1 | Time span: 1083|
2018-11-14 13:25:08.1575|INFO|IP: ::1 | Time span: 1084|
2018-11-14 13:25:08.1575|INFO|IP: ::1 | Time span: 1086|
2018-11-14 13:25:08.1575|INFO|IP: ::1 | Time span: 1087|
2018-11-14 13:25:08.1705|INFO|IP: ::1 | Time span: 1088|
2018-11-14 13:25:08.1705|INFO|IP: ::1 | Time span: 1090|
2018-11-14 13:25:08.1705|INFO|IP: ::1 | Time span: 1091|
2018-11-14 13:25:08.1705|INFO|IP: ::1 | Time span: 1096|
2018-11-14 13:25:08.1705|INFO|IP: ::1 | Time span: 1097|
2018-11-14 13:25:08.1895|INFO|IP: ::1 | Time span: 1098|
2018-11-14 13:25:08.1895|INFO|IP: ::1 | Time span: 1099|
2018-11-14 13:25:46.7382|INFO|IP: ::1 | Time span: 1099|
2018-11-14 13:25:47.0521|INFO|IP: ::1 | Time span: 1099|
2018-11-14 13:25:52.3824|INFO|User sing in|
2018-11-14 13:25:52.4164|INFO|IP: ::1 | Time span: 1155|
2018-11-14 13:25:52.4314|INFO|UserPage|
2018-11-14 13:25:52.5263|INFO|IP: ::1 | Time span: 1250|
2018-11-14 13:25:52.8591|INFO|IP: ::1 | Time span: 1250|
