2019-11-10 13:28:42.2422|INFO|IP: ::1 | Time span: 3224|
2019-11-10 13:28:43.7961|INFO|IP: ::1 | Time span: 3240|
2019-11-10 13:28:43.8121|INFO|IP: ::1 | Time span: 3241|
2019-11-10 13:28:43.8121|INFO|IP: ::1 | Time span: 3242|
2019-11-10 13:28:43.8121|INFO|IP: ::1 | Time span: 3244|
2019-11-10 13:28:43.8212|INFO|IP: ::1 | Time span: 3245|
2019-11-10 13:28:43.8212|INFO|IP: ::1 | Time span: 3246|
2019-11-10 13:28:43.8212|INFO|IP: ::1 | Time span: 3248|
2019-11-10 13:28:43.8212|INFO|IP: ::1 | Time span: 3249|
2019-11-10 13:28:43.8212|INFO|IP: ::1 | Time span: 3250|
2019-11-10 13:28:43.8391|INFO|IP: ::1 | Time span: 3252|
2019-11-10 13:28:44.2441|INFO|IP: ::1 | Time span: 3272|
2019-11-10 13:28:55.0770|INFO|IP: ::1 | Time span: 3941|
2019-11-10 13:28:55.0770|INFO|IP: ::1 | Time span: 3942|
2019-11-10 13:28:55.0770|INFO|IP: ::1 | Time span: 3943|
2019-11-10 13:28:55.0870|INFO|IP: ::1 | Time span: 3945|
2019-11-10 13:28:55.0870|INFO|IP: ::1 | Time span: 3946|
2019-11-10 13:28:55.0870|INFO|IP: ::1 | Time span: 3947|
2019-11-10 13:28:55.0870|INFO|IP: ::1 | Time span: 3949|
2019-11-10 13:28:55.0870|INFO|IP: ::1 | Time span: 3950|
2019-11-10 13:28:55.1030|INFO|IP: ::1 | Time span: 3951|
2019-11-10 13:28:55.1030|INFO|IP: ::1 | Time span: 3952|
2019-11-10 13:28:55.1030|INFO|IP: ::1 | Time span: 3954|
2019-11-10 13:28:55.1030|INFO|IP: ::1 | Time span: 3954|
2019-11-10 13:28:55.1030|INFO|IP: ::1 | Time span: 3956|
2019-11-10 13:28:55.1180|INFO|IP: ::1 | Time span: 3956|
2019-11-10 13:29:17.1826|INFO|IP: ::1 | Time span: 4027|
2019-11-10 13:29:17.1826|INFO|IP: ::1 | Time span: 4029|
2019-11-10 13:29:17.1826|INFO|IP: ::1 | Time span: 4030|
2019-11-10 13:29:17.1826|INFO|IP: ::1 | Time span: 4031|
2019-11-10 13:29:17.1826|INFO|IP: ::1 | Time span: 4032|
2019-11-10 13:29:17.1967|INFO|IP: ::1 | Time span: 4033|
2019-11-10 13:29:17.1967|INFO|IP: ::1 | Time span: 4035|
2019-11-10 13:29:17.1967|INFO|IP: ::1 | Time span: 4036|
2019-11-10 13:29:17.1967|INFO|IP: ::1 | Time span: 4037|
2019-11-10 13:29:17.1967|INFO|IP: ::1 | Time span: 4038|
2019-11-10 13:29:17.2136|INFO|IP: ::1 | Time span: 4040|
2019-11-10 13:29:17.2136|INFO|IP: ::1 | Time span: 4041|
2019-11-10 13:29:17.2136|INFO|IP: ::1 | Time span: 4042|
2019-11-10 13:29:17.2136|INFO|IP: ::1 | Time span: 4042|
2019-11-10 13:29:22.8161|INFO|IP: ::1 | Time span: 4071|
2019-11-10 13:29:22.8161|INFO|IP: ::1 | Time span: 4072|
2019-11-10 13:29:22.8212|INFO|IP: ::1 | Time span: 4074|
2019-11-10 13:29:22.8212|INFO|IP: ::1 | Time span: 4074|
2019-11-10 13:29:34.7429|INFO|User got all publishers|
2019-11-10 13:29:34.7429|INFO|IP: ::1 | Time span: 4077|
2019-11-10 13:29:34.9819|INFO|IP: ::1 | Time span: 4077|
2019-11-10 13:29:35.7729|INFO|User got all publishers|
2019-11-10 13:29:35.7729|INFO|IP: ::1 | Time span: 4079|
2019-11-10 13:29:35.7749|INFO|IP: ::1 | Time span: 4079|
2019-11-10 13:29:38.1145|INFO|IP: ::1 | Time span: 4244|
2019-11-10 13:29:38.1195|INFO|IP: ::1 | Time span: 4244|
2019-11-10 13:29:48.1556|INFO|IP: ::1 | Time span: 4245|
2019-11-10 13:29:48.4020|INFO|IP: ::1 | Time span: 4256|
2019-11-10 13:29:55.8493|INFO|User sing in|
2019-11-10 13:29:55.8952|INFO|IP: ::1 | Time span: 4385|
2019-11-10 13:29:56.0542|INFO|UserPage|
2019-11-10 13:29:56.1323|INFO|IP: ::1 | Time span: 4463|
2019-11-10 13:29:56.4113|INFO|IP: ::1 | Time span: 4463|
2019-11-10 13:30:01.8073|INFO|UserPage|
2019-11-10 13:30:01.8073|INFO|IP: ::1 | Time span: 4465|
2019-11-10 13:30:01.8073|INFO|IP: ::1 | Time span: 4465|
2019-11-10 13:30:07.2589|INFO|IP: ::1 | Time span: 4497|
2019-11-10 13:30:07.2589|INFO|IP: ::1 | Time span: 4498|
2019-11-10 13:30:07.2589|INFO|IP: ::1 | Time span: 4500|
2019-11-10 13:30:07.2589|INFO|IP: ::1 | Time span: 4501|
2019-11-10 13:30:07.2589|INFO|IP: ::1 | Time span: 4502|
2019-11-10 13:30:07.2739|INFO|IP: ::1 | Time span: 4503|
2019-11-10 13:30:07.2739|INFO|IP: ::1 | Time span: 4504|
2019-11-10 13:30:07.2739|INFO|IP: ::1 | Time span: 4505|
2019-11-10 13:30:07.2739|INFO|IP: ::1 | Time span: 4506|
2019-11-10 13:30:07.2739|INFO|IP: ::1 | Time span: 4507|
2019-11-10 13:30:07.2739|INFO|IP: ::1 | Time span: 4508|
2019-11-10 13:30:07.2892|INFO|IP: ::1 | Time span: 4508|
2019-11-10 13:30:12.5020|INFO|IP: ::1 | Time span: 4536|
2019-11-10 13:30:12.5200|INFO|IP: ::1 | Time span: 4537|
2019-11-10 13:30:12.5260|INFO|IP: ::1 | Time span: 4538|
2019-11-10 13:30:12.5260|INFO|IP: ::1 | Time span: 4540|
2019-11-10 13:30:12.5260|INFO|IP: ::1 | Time span: 4541|
2019-11-10 13:30:12.5260|INFO|IP: ::1 | Time span: 4542|
2019-11-10 13:30:12.5260|INFO|IP: ::1 | Time span: 4543|
2019-11-10 13:30:12.5260|INFO|IP: ::1 | Time span: 4544|
2019-11-10 13:30:12.5430|INFO|IP: ::1 | Time span: 4546|
2019-11-10 13:30:12.5430|INFO|IP: ::1 | Time span: 4547|
2019-11-10 13:30:12.5430|INFO|IP: ::1 | Time span: 4548|
2019-11-10 13:30:12.5430|INFO|IP: ::1 | Time span: 4548|
2019-11-10 13:30:17.8155|INFO|IP: ::1 | Time span: 4604|
2019-11-10 13:30:17.8205|INFO|IP: ::1 | Time span: 4607|
2019-11-10 13:30:17.8205|INFO|IP: ::1 | Time span: 4610|
2019-11-10 13:30:17.8205|INFO|IP: ::1 | Time span: 4611|
2019-11-10 13:30:17.8205|INFO|IP: ::1 | Time span: 4612|
2019-11-10 13:30:17.8205|INFO|IP: ::1 | Time span: 4614|
2019-11-10 13:30:17.8385|INFO|IP: ::1 | Time span: 4616|
2019-11-10 13:30:17.8385|INFO|IP: ::1 | Time span: 4617|
2019-11-10 13:30:17.8385|INFO|IP: ::1 | Time span: 4618|
2019-11-10 13:30:17.8385|INFO|IP: ::1 | Time span: 4619|
2019-11-10 13:30:17.8385|INFO|IP: ::1 | Time span: 4620|
2019-11-10 13:30:17.8525|INFO|IP: ::1 | Time span: 4620|
2019-11-10 13:30:21.4013|INFO|IP: ::1 | Time span: 4653|
2019-11-10 13:30:21.4013|INFO|IP: ::1 | Time span: 4653|
2019-11-10 13:30:25.0638|INFO|IP: ::1 | Time span: 4679|
2019-11-10 13:30:25.0638|INFO|IP: ::1 | Time span: 4682|
2019-11-10 13:30:25.0708|INFO|IP: ::1 | Time span: 4683|
2019-11-10 13:30:25.0708|INFO|IP: ::1 | Time span: 4684|
2019-11-10 13:30:25.0708|INFO|IP: ::1 | Time span: 4685|
2019-11-10 13:30:25.0708|INFO|IP: ::1 | Time span: 4686|
2019-11-10 13:30:25.0708|INFO|IP: ::1 | Time span: 4688|
2019-11-10 13:30:25.0868|INFO|IP: ::1 | Time span: 4690|
2019-11-10 13:30:25.0868|INFO|IP: ::1 | Time span: 4691|
2019-11-10 13:30:25.0868|INFO|IP: ::1 | Time span: 4693|
2019-11-10 13:30:25.0868|INFO|IP: ::1 | Time span: 4694|
2019-11-10 13:30:25.0868|INFO|IP: ::1 | Time span: 4694|
2019-11-10 13:30:34.6721|INFO|IP: ::1 | Time span: 11698|
2019-11-10 13:30:34.6721|INFO|IP: ::1 | Time span: 11699|
2019-11-10 13:30:34.6721|INFO|IP: ::1 | Time span: 11700|
2019-11-10 13:30:34.6721|INFO|IP: ::1 | Time span: 11700|
2019-11-10 13:30:34.6811|INFO|IP: ::1 | Time span: 11701|
2019-11-10 13:30:34.6811|INFO|IP: ::1 | Time span: 11702|
2019-11-10 13:30:34.6811|INFO|IP: ::1 | Time span: 11704|
2019-11-10 13:30:34.6811|INFO|IP: ::1 | Time span: 11705|
2019-11-10 13:30:34.6811|INFO|IP: ::1 | Time span: 11707|
2019-11-10 13:30:34.6961|INFO|IP: ::1 | Time span: 11708|
2019-11-10 13:30:34.6961|INFO|IP: ::1 | Time span: 11709|
2019-11-10 13:30:34.6961|INFO|IP: ::1 | Time span: 11710|
2019-11-10 13:30:34.6961|INFO|IP: ::1 | Time span: 11712|
2019-11-10 13:30:34.6961|INFO|IP: ::1 | Time span: 11712|
2019-11-10 13:30:39.1261|INFO|IP: ::1 | Time span: 11766|
2019-11-10 13:30:39.1261|INFO|IP: ::1 | Time span: 11768|
2019-11-10 13:30:39.1261|INFO|IP: ::1 | Time span: 11769|
2019-11-10 13:30:39.1351|INFO|IP: ::1 | Time span: 11770|
2019-11-10 13:30:39.1351|INFO|IP: ::1 | Time span: 11772|
2019-11-10 13:30:39.1351|INFO|IP: ::1 | Time span: 11773|
2019-11-10 13:30:39.1351|INFO|IP: ::1 | Time span: 11774|
2019-11-10 13:30:39.1351|INFO|IP: ::1 | Time span: 11775|
2019-11-10 13:30:39.1511|INFO|IP: ::1 | Time span: 11776|
2019-11-10 13:30:39.1511|INFO|IP: ::1 | Time span: 11777|
2019-11-10 13:30:39.1511|INFO|IP: ::1 | Time span: 11779|
2019-11-10 13:30:39.1511|INFO|IP: ::1 | Time span: 11780|
2019-11-10 13:30:39.1641|INFO|IP: ::1 | Time span: 11781|
2019-11-10 13:30:39.1641|INFO|IP: ::1 | Time span: 11781|
2019-11-10 13:30:42.0075|INFO|IP: ::1 | Time span: 11798|
2019-11-10 13:30:42.0105|INFO|IP: ::1 | Time span: 11800|
2019-11-10 13:30:42.0105|INFO|IP: ::1 | Time span: 11800|
2019-11-10 13:30:46.5249|INFO|IP: ::1 | Time span: 11827|
2019-11-10 13:30:46.5249|INFO|IP: ::1 | Time span: 11828|
2019-11-10 13:30:46.5249|INFO|IP: ::1 | Time span: 11829|
2019-11-10 13:30:46.5249|INFO|IP: ::1 | Time span: 11830|
2019-11-10 13:30:46.5249|INFO|IP: ::1 | Time span: 11831|
2019-11-10 13:30:46.5249|INFO|IP: ::1 | Time span: 11833|
2019-11-10 13:30:46.5419|INFO|IP: ::1 | Time span: 11834|
2019-11-10 13:30:46.5419|INFO|IP: ::1 | Time span: 11835|
2019-11-10 13:30:46.5419|INFO|IP: ::1 | Time span: 11837|
2019-11-10 13:30:46.5419|INFO|IP: ::1 | Time span: 11838|
2019-11-10 13:30:46.5419|INFO|IP: ::1 | Time span: 11839|
2019-11-10 13:30:46.5549|INFO|IP: ::1 | Time span: 11839|
2019-11-10 13:30:53.3476|INFO|User got all publishers|
2019-11-10 13:30:53.3476|INFO|IP: ::1 | Time span: 11842|
2019-11-10 13:30:53.3666|INFO|IP: ::1 | Time span: 11858|
2019-11-10 13:30:55.7098|INFO|IP: ::1 | Time span: 11858|
2019-11-10 13:30:55.8877|INFO|IP: ::1 | Time span: 11886|
2019-11-10 13:30:55.8877|INFO|IP: ::1 | Time span: 11887|
2019-11-10 13:30:55.8877|INFO|IP: ::1 | Time span: 11888|
2019-11-10 13:30:55.8877|INFO|IP: ::1 | Time span: 11889|
2019-11-10 13:30:55.8877|INFO|IP: ::1 | Time span: 11890|
2019-11-10 13:30:55.9008|INFO|IP: ::1 | Time span: 11891|
2019-11-10 13:30:55.9008|INFO|IP: ::1 | Time span: 11893|
2019-11-10 13:30:55.9008|INFO|IP: ::1 | Time span: 11894|
2019-11-10 13:30:55.9008|INFO|IP: ::1 | Time span: 11895|
2019-11-10 13:30:55.9008|INFO|IP: ::1 | Time span: 11897|
2019-11-10 13:30:55.9177|INFO|IP: ::1 | Time span: 11898|
2019-11-10 13:30:55.9177|INFO|IP: ::1 | Time span: 11898|
2019-11-10 13:30:57.4387|INFO|IP: ::1 | Time span: 11898|
2019-11-10 13:30:57.4387|INFO|IP: ::1 | Time span: 11898|
2019-11-10 13:31:07.1170|INFO|User sing in|
2019-11-10 13:31:07.1240|INFO|IP: ::1 | Time span: 11916|
2019-11-10 13:31:07.2370|INFO|UserPage|
2019-11-10 13:31:07.2370|INFO|IP: ::1 | Time span: 11921|
2019-11-10 13:31:07.2458|INFO|IP: ::1 | Time span: 11921|
2019-11-10 13:31:09.6933|INFO|IP: ::1 | Time span: 12009|
2019-11-10 13:31:09.7043|INFO|IP: ::1 | Time span: 12009|
2019-11-10 13:31:19.5147|INFO|IP: ::1 | Time span: 12160|
2019-11-10 13:31:19.5428|INFO|IP: ::1 | Time span: 12160|
2019-11-10 13:31:29.2027|INFO|IP: ::1 | Time span: 12204|
2019-11-10 13:31:29.2027|INFO|IP: ::1 | Time span: 12206|
2019-11-10 13:31:29.2027|INFO|IP: ::1 | Time span: 12207|
2019-11-10 13:31:29.2027|INFO|IP: ::1 | Time span: 12208|
2019-11-10 13:31:29.2127|INFO|IP: ::1 | Time span: 12209|
2019-11-10 13:31:29.2127|INFO|IP: ::1 | Time span: 12210|
2019-11-10 13:31:29.2127|INFO|IP: ::1 | Time span: 12211|
2019-11-10 13:31:29.2127|INFO|IP: ::1 | Time span: 12213|
2019-11-10 13:31:29.2127|INFO|IP: ::1 | Time span: 12214|
2019-11-10 13:31:29.2277|INFO|IP: ::1 | Time span: 12216|
2019-11-10 13:31:29.2277|INFO|IP: ::1 | Time span: 12217|
2019-11-10 13:31:29.2277|INFO|IP: ::1 | Time span: 12217|
2019-11-10 13:31:32.2539|INFO|Admin got game details by key: ME3|
2019-11-10 13:31:32.3289|INFO|IP: ::1 | Time span: 12478|
2019-11-10 13:31:32.3479|INFO|IP: ::1 | Time span: 12479|
2019-11-10 13:31:32.3519|INFO|IP: ::1 | Time span: 12479|
2019-11-10 13:31:37.7030|INFO|Admin got all comments by game key: ME3|
2019-11-10 13:31:37.7110|INFO|IP: ::1 | Time span: 12528|
2019-11-10 13:31:38.0180|INFO|IP: ::1 | Time span: 12528|
2019-11-10 13:31:40.6542|INFO|Admin got file by game key: ME3|
2019-11-10 13:31:40.6542|INFO|IP: ::1 | Time span: 12530|
2019-11-10 13:31:51.7012|INFO|Admin got game details by key: ME3|
2019-11-10 13:31:51.7012|INFO|IP: ::1 | Time span: 12545|
2019-11-10 13:31:51.7012|INFO|IP: ::1 | Time span: 12547|
2019-11-10 13:31:51.7012|INFO|IP: ::1 | Time span: 12547|
2019-11-10 13:31:56.2609|INFO|IP: ::1 | Time span: 12547|
2019-11-10 13:31:56.4934|INFO|IP: ::1 | Time span: 12571|
2019-11-10 13:31:56.4934|INFO|IP: ::1 | Time span: 12573|
2019-11-10 13:31:56.4934|INFO|IP: ::1 | Time span: 12574|
2019-11-10 13:31:56.4934|INFO|IP: ::1 | Time span: 12575|
2019-11-10 13:31:56.4934|INFO|IP: ::1 | Time span: 12575|
2019-11-10 13:31:56.4934|INFO|IP: ::1 | Time span: 12577|
2019-11-10 13:31:56.5084|INFO|IP: ::1 | Time span: 12578|
2019-11-10 13:31:56.5084|INFO|IP: ::1 | Time span: 12578|
2019-11-10 13:31:56.5084|INFO|IP: ::1 | Time span: 12580|
2019-11-10 13:31:56.5084|INFO|IP: ::1 | Time span: 12580|
2019-11-10 13:31:56.5084|INFO|IP: ::1 | Time span: 12582|
2019-11-10 13:31:56.5325|INFO|IP: ::1 | Time span: 12595|
2019-11-10 13:37:30.4714|INFO|IP: ::1 | Time span: 12596|
2019-11-10 13:37:30.5034|INFO|IP: ::1 | Time span: 12614|
2019-11-10 13:37:59.4296|INFO|IP: ::1 | Time span: 12614|
2019-11-10 13:37:59.4296|INFO|IP: ::1 | Time span: 12614|
2019-11-10 13:40:18.8454|INFO|IP: ::1 | Time span: 12660|
2019-11-10 13:40:18.8514|INFO|IP: ::1 | Time span: 12662|
2019-11-10 13:40:18.8514|INFO|IP: ::1 | Time span: 12663|
2019-11-10 13:40:18.8514|INFO|IP: ::1 | Time span: 12664|
2019-11-10 13:40:18.8514|INFO|IP: ::1 | Time span: 12666|
2019-11-10 13:40:18.8514|INFO|IP: ::1 | Time span: 12667|
2019-11-10 13:40:18.8514|INFO|IP: ::1 | Time span: 12668|
2019-11-10 13:40:18.8674|INFO|IP: ::1 | Time span: 12669|
2019-11-10 13:40:18.8674|INFO|IP: ::1 | Time span: 12670|
2019-11-10 13:40:18.8674|INFO|IP: ::1 | Time span: 12672|
2019-11-10 13:40:18.8674|INFO|IP: ::1 | Time span: 12673|
2019-11-10 13:40:18.8914|INFO|IP: ::1 | Time span: 12686|
2019-11-10 13:44:38.4211|INFO|IP: ::1 | Time span: 12686|
2019-11-10 13:44:38.4470|INFO|IP: ::1 | Time span: 12710|
2019-11-10 13:44:45.1604|INFO|User sing in|
2019-11-10 13:44:45.1694|INFO|IP: ::1 | Time span: 12726|
2019-11-10 13:44:45.2554|INFO|UserPage|
2019-11-10 13:44:45.2594|INFO|IP: ::1 | Time span: 12730|
2019-11-10 13:44:45.2594|INFO|IP: ::1 | Time span: 12730|
2019-11-10 13:46:39.9258|INFO|IP: ::1 | Time span: 12763|
2019-11-10 13:46:39.9338|INFO|IP: ::1 | Time span: 12766|
2019-11-10 13:46:39.9558|INFO|IP: ::1 | Time span: 12785|
2019-11-10 13:50:19.1190|INFO|Admin got game details by key: TW3|
2019-11-10 13:50:19.1190|INFO|IP: ::1 | Time span: 12826|
2019-11-10 13:50:19.1190|INFO|IP: ::1 | Time span: 12828|
2019-11-10 13:50:19.1469|INFO|IP: ::1 | Time span: 12845|
2019-11-10 18:27:26.6545|INFO|IP: ::1 | Time span: 12845|
2019-11-10 18:27:26.8613|INFO|IP: ::1 | Time span: 12911|
2019-11-10 18:27:26.8613|INFO|IP: ::1 | Time span: 12913|
2019-11-10 18:27:26.8613|INFO|IP: ::1 | Time span: 12914|
2019-11-10 18:27:26.8613|INFO|IP: ::1 | Time span: 12915|
2019-11-10 18:27:26.8613|INFO|IP: ::1 | Time span: 12917|
2019-11-10 18:27:26.8763|INFO|IP: ::1 | Time span: 12918|
2019-11-10 18:27:26.8763|INFO|IP: ::1 | Time span: 12919|
2019-11-10 18:27:26.8763|INFO|IP: ::1 | Time span: 12921|
2019-11-10 18:27:26.8763|INFO|IP: ::1 | Time span: 12922|
2019-11-10 18:27:26.8763|INFO|IP: ::1 | Time span: 12922|
2019-11-10 18:27:26.8763|INFO|IP: ::1 | Time span: 12923|
2019-11-10 18:27:26.9033|INFO|IP: ::1 | Time span: 12936|
2019-11-10 18:27:39.6906|INFO|Admin got game details by key: NFSHP|
2019-11-10 18:27:39.6906|INFO|IP: ::1 | Time span: 12983|
2019-11-10 18:27:39.6906|INFO|IP: ::1 | Time span: 12984|
2019-11-10 18:27:39.6906|INFO|IP: ::1 | Time span: 12984|
2019-11-10 18:27:48.6439|INFO|IP: ::1 | Time span: 12984|
2019-11-10 18:27:48.6439|INFO|IP: ::1 | Time span: 12984|
2019-11-10 18:27:54.5912|INFO|User sing in|
2019-11-10 18:27:54.6012|INFO|IP: ::1 | Time span: 13004|
2019-11-10 18:27:54.6882|INFO|UserPage|
2019-11-10 18:27:54.6882|INFO|IP: ::1 | Time span: 13008|
2019-11-10 18:27:54.6882|INFO|IP: ::1 | Time span: 13008|
2019-11-10 18:27:57.6783|INFO|UserPage|
2019-11-10 18:27:57.6783|INFO|IP: ::1 | Time span: 13012|
2019-11-10 18:27:57.6783|INFO|IP: ::1 | Time span: 13012|
2019-11-10 18:27:58.6971|INFO|IP: ::1 | Time span: 13037|
2019-11-10 18:27:58.6971|INFO|IP: ::1 | Time span: 13038|
2019-11-10 18:27:58.6971|INFO|IP: ::1 | Time span: 13039|
2019-11-10 18:27:58.7041|INFO|IP: ::1 | Time span: 13040|
2019-11-10 18:27:58.7041|INFO|IP: ::1 | Time span: 13041|
2019-11-10 18:27:58.7041|INFO|IP: ::1 | Time span: 13042|
2019-11-10 18:27:58.7041|INFO|IP: ::1 | Time span: 13043|
2019-11-10 18:27:58.7041|INFO|IP: ::1 | Time span: 13044|
2019-11-10 18:27:58.7041|INFO|IP: ::1 | Time span: 13045|
2019-11-10 18:27:58.7041|INFO|IP: ::1 | Time span: 13046|
2019-11-10 18:27:58.7221|INFO|IP: ::1 | Time span: 13048|
2019-11-10 18:27:58.7221|INFO|IP: ::1 | Time span: 13048|
2019-11-10 18:28:03.0553|INFO|IP: ::1 | Time span: 13110|
2019-11-10 18:28:03.0553|INFO|IP: ::1 | Time span: 13112|
2019-11-10 18:28:03.0553|INFO|IP: ::1 | Time span: 13113|
2019-11-10 18:28:03.0633|INFO|IP: ::1 | Time span: 13114|
2019-11-10 18:28:03.0633|INFO|IP: ::1 | Time span: 13115|
2019-11-10 18:28:03.0633|INFO|IP: ::1 | Time span: 13116|
2019-11-10 18:28:03.0633|INFO|IP: ::1 | Time span: 13117|
2019-11-10 18:28:03.0633|INFO|IP: ::1 | Time span: 13118|
2019-11-10 18:28:03.0633|INFO|IP: ::1 | Time span: 13119|
2019-11-10 18:28:03.0633|INFO|IP: ::1 | Time span: 13119|
2019-11-10 18:28:03.0803|INFO|IP: ::1 | Time span: 13120|
2019-11-10 18:28:03.0803|INFO|IP: ::1 | Time span: 13121|
2019-11-10 18:28:03.0803|INFO|IP: ::1 | Time span: 13122|
2019-11-10 18:28:03.0803|INFO|IP: ::1 | Time span: 13123|
2019-11-10 18:28:06.4301|INFO|IP: ::1 | Time span: 13186|
2019-11-10 18:28:06.4301|INFO|IP: ::1 | Time span: 13187|
2019-11-10 18:28:06.4301|INFO|IP: ::1 | Time span: 13188|
2019-11-10 18:28:06.4301|INFO|IP: ::1 | Time span: 13190|
2019-11-10 18:28:06.4412|INFO|IP: ::1 | Time span: 13191|
2019-11-10 18:28:06.4412|INFO|IP: ::1 | Time span: 13193|
2019-11-10 18:28:06.4412|INFO|IP: ::1 | Time span: 13194|
2019-11-10 18:28:06.4412|INFO|IP: ::1 | Time span: 13195|
2019-11-10 18:28:06.4412|INFO|IP: ::1 | Time span: 13196|
2019-11-10 18:28:06.4551|INFO|IP: ::1 | Time span: 13198|
2019-11-10 18:28:06.4551|INFO|IP: ::1 | Time span: 13199|
2019-11-10 18:28:06.4551|INFO|IP: ::1 | Time span: 13200|
2019-11-10 18:28:06.4551|INFO|IP: ::1 | Time span: 13201|
2019-11-10 18:28:06.4551|INFO|IP: ::1 | Time span: 13201|
2019-11-10 18:28:08.5579|INFO|IP: ::1 | Time span: 13259|
2019-11-10 18:28:08.5579|INFO|IP: ::1 | Time span: 13260|
2019-11-10 18:28:08.5579|INFO|IP: ::1 | Time span: 13262|
2019-11-10 18:28:08.5660|INFO|IP: ::1 | Time span: 13263|
2019-11-10 18:28:08.5660|INFO|IP: ::1 | Time span: 13265|
2019-11-10 18:28:08.5660|INFO|IP: ::1 | Time span: 13266|
2019-11-10 18:28:08.5660|INFO|IP: ::1 | Time span: 13267|
2019-11-10 18:28:08.5790|INFO|IP: ::1 | Time span: 13269|
2019-11-10 18:28:08.5790|INFO|IP: ::1 | Time span: 13270|
2019-11-10 18:28:08.5790|INFO|IP: ::1 | Time span: 13271|
2019-11-10 18:28:08.5790|INFO|IP: ::1 | Time span: 13273|
2019-11-10 18:28:08.5790|INFO|IP: ::1 | Time span: 13274|
2019-11-10 18:28:08.5790|INFO|IP: ::1 | Time span: 13275|
2019-11-10 18:28:08.5959|INFO|IP: ::1 | Time span: 13275|
2019-11-10 18:28:10.4852|INFO|IP: ::1 | Time span: 13330|
2019-11-10 18:28:10.4852|INFO|IP: ::1 | Time span: 13332|
2019-11-10 18:28:10.4852|INFO|IP: ::1 | Time span: 13333|
2019-11-10 18:28:10.4852|INFO|IP: ::1 | Time span: 13334|
2019-11-10 18:28:10.4852|INFO|IP: ::1 | Time span: 13335|
2019-11-10 18:28:10.4852|INFO|IP: ::1 | Time span: 13336|
2019-11-10 18:28:10.5022|INFO|IP: ::1 | Time span: 13338|
2019-11-10 18:28:10.5022|INFO|IP: ::1 | Time span: 13339|
2019-11-10 18:28:10.5022|INFO|IP: ::1 | Time span: 13340|
2019-11-10 18:28:10.5022|INFO|IP: ::1 | Time span: 13342|
2019-11-10 18:28:10.5022|INFO|IP: ::1 | Time span: 13343|
2019-11-10 18:28:10.5172|INFO|IP: ::1 | Time span: 13345|
2019-11-10 18:28:10.5172|INFO|IP: ::1 | Time span: 13346|
2019-11-10 18:28:10.5172|INFO|IP: ::1 | Time span: 13346|
2019-11-10 18:28:29.6441|INFO|IP: ::1 | Time span: 13425|
2019-11-10 18:28:29.6441|INFO|IP: ::1 | Time span: 13426|
2019-11-10 18:28:29.6441|INFO|IP: ::1 | Time span: 13427|
2019-11-10 18:28:29.6682|INFO|IP: ::1 | Time span: 13445|
2019-11-10 18:28:34.9709|INFO|IP: ::1 | Time span: 13506|
2019-11-10 18:28:34.9709|INFO|IP: ::1 | Time span: 13508|
2019-11-10 18:28:34.9709|INFO|IP: ::1 | Time span: 13509|
2019-11-10 18:28:34.9709|INFO|IP: ::1 | Time span: 13510|
2019-11-10 18:28:34.9709|INFO|IP: ::1 | Time span: 13512|
2019-11-10 18:28:34.9869|INFO|IP: ::1 | Time span: 13514|
2019-11-10 18:28:34.9869|INFO|IP: ::1 | Time span: 13515|
2019-11-10 18:28:34.9869|INFO|IP: ::1 | Time span: 13516|
2019-11-10 18:28:34.9869|INFO|IP: ::1 | Time span: 13517|
2019-11-10 18:28:34.9869|INFO|IP: ::1 | Time span: 13518|
2019-11-10 18:28:34.9869|INFO|IP: ::1 | Time span: 13519|
2019-11-10 18:28:35.0019|INFO|IP: ::1 | Time span: 13520|
2019-11-10 18:28:35.0019|INFO|IP: ::1 | Time span: 13522|
2019-11-10 18:28:35.0019|INFO|IP: ::1 | Time span: 13522|
2019-11-10 18:28:54.8553|INFO|IP: ::1 | Time span: 13548|
2019-11-10 18:28:54.8553|INFO|IP: ::1 | Time span: 13550|
2019-11-10 18:28:54.8613|INFO|IP: ::1 | Time span: 13551|
2019-11-10 18:28:54.8613|INFO|IP: ::1 | Time span: 13552|
2019-11-10 18:28:54.8613|INFO|IP: ::1 | Time span: 13554|
2019-11-10 18:28:54.8613|INFO|IP: ::1 | Time span: 13555|
2019-11-10 18:28:54.8613|INFO|IP: ::1 | Time span: 13556|
2019-11-10 18:28:54.8613|INFO|IP: ::1 | Time span: 13557|
2019-11-10 18:28:54.8783|INFO|IP: ::1 | Time span: 13558|
2019-11-10 18:28:54.8783|INFO|IP: ::1 | Time span: 13560|
2019-11-10 18:28:54.8783|INFO|IP: ::1 | Time span: 13561|
2019-11-10 18:28:54.8783|INFO|IP: ::1 | Time span: 13561|
2019-11-10 18:28:57.2623|INFO|IP: ::1 | Time span: 13575|
2019-11-10 18:28:57.2623|INFO|IP: ::1 | Time span: 13577|
2019-11-10 18:28:57.2683|INFO|IP: ::1 | Time span: 13577|
